<?xml version="1.0" encoding="UTF-8"?>
<robot generator="Robot 5.0 (Python 3.10.4 on win32)" generated="20220506 14:12:29.063" rpa="false" schemaversion="3">
<suite id="s1" name="Demo6 Tabs Suite" source="C:\Users\Dell\Downloads\Internship\automation\robot_Project\selenium_suite\demo6_tabs_suite.robot">
<test id="s1-t1" name="TC1" line="6">
<kw name="Append To Environment Variable" library="OperatingSystem">
<arg>path</arg>
<arg>C:\\Users\\Dell\\Downloads\\Internship\\automation\\robot_Project\\driver</arg>
<doc>Appends given ``values`` to environment variable ``name``.</doc>
<msg timestamp="20220506 14:12:29.298" level="INFO">Environment variable 'path' set to value 'C:\Program Files\Python310\Scripts\;C:\Program Files\Python310\;C:\WINDOWS\system32;C:\WINDOWS;C:\WINDOWS\System32\Wbem;C:\WINDOWS\System32\WindowsPowerShell\v1.0\;C:\WINDOWS\System32\OpenSSH\;C:\Users\Dell\AppData\Local\Microsoft\WindowsApps;C:\Users\Dell\AppData\Local\Programs\Microsoft VS Code\bin;C:\Users\Dell\AppData\Roaming\Python\Python310\Scripts;;C:\Users\Dell\Downloads\Internship\automation\robot_Project\driver'.</msg>
<status status="PASS" starttime="20220506 14:12:29.298" endtime="20220506 14:12:29.298"/>
</kw>
<kw name="Open Browser" library="SeleniumLibrary">
<arg>browser=chrome</arg>
<doc>Opens a new browser instance to the optional ``url``.</doc>
<msg timestamp="20220506 14:12:29.298" level="INFO">Opening browser 'chrome' to base url 'None'.</msg>
<status status="PASS" starttime="20220506 14:12:29.298" endtime="20220506 14:12:31.021"/>
</kw>
<kw name="Maximize Browser Window" library="SeleniumLibrary">
<doc>Maximizes current browser window.</doc>
<status status="PASS" starttime="20220506 14:12:31.021" endtime="20220506 14:12:31.137"/>
</kw>
<kw name="Set Selenium Implicit Wait" library="SeleniumLibrary">
<arg>30s</arg>
<doc>Sets the implicit wait value used by Selenium.</doc>
<status status="PASS" starttime="20220506 14:12:31.137" endtime="20220506 14:12:31.139"/>
</kw>
<kw name="Go To" library="SeleniumLibrary">
<arg>url=https://www.db4free.net/</arg>
<doc>Navigates the current browser window to the provided ``url``.</doc>
<msg timestamp="20220506 14:12:31.140" level="INFO">Opening url 'https://www.db4free.net/'</msg>
<status status="PASS" starttime="20220506 14:12:31.139" endtime="20220506 14:12:36.275"/>
</kw>
<kw name="Click Element" library="SeleniumLibrary">
<arg>link=phpMyAdmin »</arg>
<doc>Click the element identified by ``locator``.</doc>
<msg timestamp="20220506 14:12:36.276" level="INFO">Clicking element 'link=phpMyAdmin »'.</msg>
<status status="PASS" starttime="20220506 14:12:36.275" endtime="20220506 14:12:36.356"/>
</kw>
<kw name="Switch Window" library="SeleniumLibrary">
<arg>phpMyAdmin</arg>
<doc>Switches to browser window matching ``locator``.</doc>
<status status="PASS" starttime="20220506 14:12:36.357" endtime="20220506 14:12:43.442"/>
</kw>
<kw name="Input Text" library="SeleniumLibrary">
<arg>id=input_username</arg>
<arg>admin</arg>
<doc>Types the given ``text`` into the text field identified by ``locator``.</doc>
<msg timestamp="20220506 14:12:43.443" level="INFO">Typing text 'admin' into text field 'id=input_username'.</msg>
<status status="PASS" starttime="20220506 14:12:43.442" endtime="20220506 14:12:43.527"/>
</kw>
<kw name="Input Password" library="SeleniumLibrary">
<arg>id=input_password</arg>
<arg>admin123</arg>
<doc>Types the given password into the text field identified by ``locator``.</doc>
<msg timestamp="20220506 14:12:43.527" level="INFO">Typing password into text field 'id=input_password'.</msg>
<msg timestamp="20220506 14:12:43.559" level="INFO">Temporally setting log level to: NONE</msg>
<msg timestamp="20220506 14:12:43.622" level="INFO">Log level changed from NONE to INFO.</msg>
<status status="PASS" starttime="20220506 14:12:43.527" endtime="20220506 14:12:43.622"/>
</kw>
<kw name="Click Element" library="SeleniumLibrary">
<arg>id=input_go</arg>
<doc>Click the element identified by ``locator``.</doc>
<msg timestamp="20220506 14:12:43.623" level="INFO">Clicking element 'id=input_go'.</msg>
<status status="PASS" starttime="20220506 14:12:43.623" endtime="20220506 14:12:44.695"/>
</kw>
<kw name="Element Should Contain" library="SeleniumLibrary">
<arg>xpath=(//div[@role='alert'])[3]</arg>
<arg>Access denied for user</arg>
<doc>Verifies that element ``locator`` contains text ``expected``.</doc>
<msg timestamp="20220506 14:12:44.730" level="INFO">Element 'xpath=(//div[@role='alert'])[3]' contains text 'Access denied for user'.</msg>
<status status="PASS" starttime="20220506 14:12:44.696" endtime="20220506 14:12:44.730"/>
</kw>
<kw name="Close Window" library="SeleniumLibrary">
<doc>Closes currently opened and selected browser window/tab.</doc>
<status status="PASS" starttime="20220506 14:12:44.730" endtime="20220506 14:12:44.751"/>
</kw>
<kw name="Close Browser" library="SeleniumLibrary">
<doc>Closes the current browser.</doc>
<status status="PASS" starttime="20220506 14:12:44.752" endtime="20220506 14:12:46.948"/>
</kw>
<status status="PASS" starttime="20220506 14:12:29.298" endtime="20220506 14:12:46.948"/>
</test>
<status status="PASS" starttime="20220506 14:12:29.063" endtime="20220506 14:12:46.963"/>
</suite>
<statistics>
<total>
<stat pass="1" fail="0" skip="0">All Tests</stat>
</total>
<tag>
</tag>
<suite>
<stat pass="1" fail="0" skip="0" id="s1" name="Demo6 Tabs Suite">Demo6 Tabs Suite</stat>
</suite>
</statistics>
<errors>
</errors>
</robot>
